Szabalyok: 
S -> AB | CD | CB | SS
A -> BC | a
B -> SC | b
C -> DD | b
D -> BA
A(z) aabbaba sztring levezetheto.

S 		  
------------------------------------------------------------------------------
S 		  C,B		  
------------------------------------------------------------------------------
- 		  S 		  D,A		  
------------------------------------------------------------------------------
S 		  D 		  B,S		  C 		  
------------------------------------------------------------------------------
- 		  B 		  S 		  - 		  - 		  
------------------------------------------------------------------------------
- 		  S 		  A,S		  D 		  S 		  D 		  
------------------------------------------------------------------------------
A 		  A 		  B,C		  B,C		  A 		  B,C		  A 		  
------------------------------------------------------------------------------
