Rules: 
S -> AB | CD | CB | SS
A -> BC | a
B -> SC | b
C -> DD | b
D -> BA
A(z) bbbbbbb sztring levezetheto.

S,A,B,D		  
------------------------------------------------------------------------------
S,A,B,D,C		  S,A,B,D,C		  
------------------------------------------------------------------------------
S,A,B,D		  S,A,B,D		  S,A,B,D		  
------------------------------------------------------------------------------
A,B,S		  A,B,S		  A,B,S		  A,B,S		  
------------------------------------------------------------------------------
S,B,D		  S,B,D		  S,B,D		  S,B,D		  S,B,D		  
------------------------------------------------------------------------------
A,S		  A,S		  A,S		  A,S		  A,S		  A,S		  
------------------------------------------------------------------------------
B,C		  B,C		  B,C		  B,C		  B,C		  B,C		  B,C		  
------------------------------------------------------------------------------
