Szabalyok: 
S -> AB | CD | CB | SS
A -> BC | a
B -> SC | b
C -> DD | b
D -> BA
A(z) aaaaaaa sztring nem vezetheto le.

- 		  
------------------------------------------------------------------------------
- 		  - 		  
------------------------------------------------------------------------------
- 		  - 		  - 		  
------------------------------------------------------------------------------
- 		  - 		  - 		  - 		  
------------------------------------------------------------------------------
- 		  - 		  - 		  - 		  - 		  
------------------------------------------------------------------------------
- 		  - 		  - 		  - 		  - 		  - 		  
------------------------------------------------------------------------------
A 		  A 		  A 		  A 		  A 		  A 		  A 		  
------------------------------------------------------------------------------
